  speechManager.cpp
C:\Users\Skye\Desktop\比赛流程管理系统\比赛流程管理系统\speechManager.cpp(54,20): warning C4018: “<”: 有符号/无符号不匹配
C:\Users\Skye\Desktop\比赛流程管理系统\比赛流程管理系统\speechManager.cpp(351,20): warning C4018: “<”: 有符号/无符号不匹配
D:\下载应用\visual stdio\VC\Tools\MSVC\14.28.29333\include\numeric(35,26): warning C4244: “=”: 从“double”转换到“_Ty”，可能丢失数据
          with
          [
              _Ty=float
          ]
D:\下载应用\visual stdio\VC\Tools\MSVC\14.28.29333\include\numeric(44): message : 查看对正在编译的函数 模板 实例化“_Ty std::accumulate<_InIt,_Ty,std::plus<void>>(const _InIt,const _InIt,_Ty,_Fn)”的引用
          with
          [
              _Ty=float,
              _InIt=std::_Deque_iterator<std::_Deque_val<std::_Deque_simple_types<double>>>,
              _Fn=std::plus<void>
          ]
C:\Users\Skye\Desktop\比赛流程管理系统\比赛流程管理系统\speechManager.cpp(184): message : 查看对正在编译的函数 模板 实例化“_Ty std::accumulate<std::_Deque_iterator<std::_Deque_val<std::_Deque_simple_types<double>>>,float>(const _InIt,const _InIt,_Ty)”的引用
          with
          [
              _Ty=float,
              _InIt=std::_Deque_iterator<std::_Deque_val<std::_Deque_simple_types<double>>>
          ]
  比赛流程管理系统.vcxproj -> C:\Users\Skye\Desktop\比赛流程管理系统\Debug\比赛流程管理系统.exe
